TN:stest
SF:/Users/rachelga/Documents/C6_s21_matrix-1/src/s21_functions/s21_calc_complements.c
FN:25,39,s21_minor
FN:3,23,s21_calc_complements
FNDA:40,s21_minor
FNDA:2,s21_calc_complements
FNF:2
FNH:2
DA:3,2
DA:4,2
DA:5,2
DA:6,2
DA:7,2
DA:8,2
DA:9,0
DA:10,2
DA:11,2
DA:12,0
DA:13,8
DA:14,24
DA:15,18
DA:16,18
DA:17,18
DA:18,18
DA:21,2
DA:22,2
DA:25,40
DA:26,40
DA:27,40
DA:28,164
DA:29,124
DA:30,84
DA:31,348
DA:32,264
DA:33,180
DA:34,180
DA:36,84
DA:38,40
LF:30
LH:28
end_of_record
TN:stest
SF:/Users/rachelga/Documents/C6_s21_matrix-1/src/s21_functions/s21_create_matrix.c
FN:3,22,s21_create_matrix
FNDA:89,s21_create_matrix
FNF:1
FNH:1
DA:3,89
DA:4,89
DA:5,89
DA:6,89
DA:7,89
DA:8,89
DA:9,5
DA:11,84
DA:12,84
DA:13,283
DA:14,199
DA:15,199
DA:19,0
DA:21,89
LF:14
LH:13
end_of_record
TN:stest
SF:/Users/rachelga/Documents/C6_s21_matrix-1/src/s21_functions/s21_determinant.c
FN:4,29,s21_determinant
FNDA:45,s21_determinant
FNF:1
FNH:1
DA:4,45
DA:5,45
DA:6,45
DA:7,45
DA:8,45
DA:9,45
DA:10,1
DA:11,44
DA:12,37
DA:13,37
DA:14,37
DA:15,37
DA:16,37
DA:17,7
DA:18,29
DA:19,22
DA:20,22
DA:21,22
DA:22,22
DA:23,22
DA:24,22
DA:25,22
DA:28,45
LF:23
LH:23
end_of_record
TN:stest
SF:/Users/rachelga/Documents/C6_s21_matrix-1/src/s21_functions/s21_eq_matrix.c
FN:21,30,error_processing
FN:3,19,s21_eq_matrix
FNDA:68,error_processing
FNDA:13,s21_eq_matrix
FNF:2
FNH:2
DA:3,13
DA:4,13
DA:5,13
DA:6,13
DA:7,1
DA:8,13
DA:9,41
DA:10,96
DA:11,68
DA:12,68
DA:16,0
DA:18,13
DA:21,68
DA:22,68
DA:23,68
DA:24,68
DA:25,6
DA:26,2
DA:29,68
LF:19
LH:18
end_of_record
TN:stest
SF:/Users/rachelga/Documents/C6_s21_matrix-1/src/s21_functions/s21_inverse_matrix.c
FN:3,24,s21_inverse_matrix
FNDA:2,s21_inverse_matrix
FNF:1
FNH:1
DA:3,2
DA:4,2
DA:5,2
DA:6,2
DA:7,2
DA:8,2
DA:9,2
DA:11,2
DA:12,2
DA:13,2
DA:14,1
DA:16,1
DA:17,1
DA:19,1
DA:21,2
DA:22,2
DA:23,2
LF:17
LH:17
end_of_record
TN:stest
SF:/Users/rachelga/Documents/C6_s21_matrix-1/src/s21_functions/s21_mult_matrix.c
FN:15,23,s21_mult
FN:4,13,s21_mult_matrix
FNDA:2,s21_mult
FNDA:2,s21_mult_matrix
FNF:2
FNH:2
DA:4,2
DA:5,2
DA:6,2
DA:7,2
DA:8,0
DA:10,2
DA:12,2
DA:15,2
DA:16,7
DA:17,18
DA:18,43
DA:19,30
DA:23,2
LF:13
LH:12
end_of_record
TN:stest
SF:/Users/rachelga/Documents/C6_s21_matrix-1/src/s21_functions/s21_mult_number.c
FN:3,19,s21_mult_number
FNDA:3,s21_mult_number
FNF:1
FNH:1
DA:3,3
DA:4,3
DA:5,3
DA:6,0
DA:8,3
DA:9,3
DA:10,2
DA:11,1
DA:12,8
DA:13,18
DA:14,13
DA:18,3
LF:12
LH:11
end_of_record
TN:stest
SF:/Users/rachelga/Documents/C6_s21_matrix-1/src/s21_functions/s21_remove_matrix.c
FN:3,15,s21_remove_matrix
FNDA:88,s21_remove_matrix
FNF:1
FNH:1
DA:3,88
DA:4,88
DA:5,269
DA:6,188
DA:7,188
DA:10,81
DA:12,88
DA:13,88
DA:14,88
DA:15,88
LF:10
LH:10
end_of_record
TN:stest
SF:/Users/rachelga/Documents/C6_s21_matrix-1/src/s21_functions/s21_sub_matrix.c
FN:3,16,s21_sub_matrix
FNDA:2,s21_sub_matrix
FNF:1
FNH:1
DA:3,2
DA:4,2
DA:5,2
DA:6,1
DA:7,2
DA:8,1
DA:9,2
DA:10,4
DA:11,6
DA:12,4
DA:15,2
LF:11
LH:11
end_of_record
TN:stest
SF:/Users/rachelga/Documents/C6_s21_matrix-1/src/s21_functions/s21_sum_matrix.c
FN:3,15,s21_sum_matrix
FNDA:5,s21_sum_matrix
FNF:1
FNH:1
DA:3,5
DA:4,5
DA:5,2
DA:6,3
DA:7,0
DA:8,3
DA:9,10
DA:10,24
DA:11,17
DA:14,3
LF:10
LH:9
end_of_record
TN:stest
SF:/Users/rachelga/Documents/C6_s21_matrix-1/src/s21_functions/s21_transpose.c
FN:3,11,s21_transpose
FNDA:1,s21_transpose
FNF:1
FNH:1
DA:3,1
DA:4,1
DA:5,4
DA:6,12
DA:7,9
DA:10,1
LF:6
LH:6
end_of_record
